npm verb cli C:\Program Files\nodejs\node.exe C:\Users\jack_\AppData\Roaming\npm\node_modules\npm\bin\npm-cli.js
npm info using npm@9.8.1
npm info using node@v22.2.0
npm verb title npm install
npm verb argv "install" "--legacy-peer-deps" "--loglevel" "verbose"
npm verb logfile logs-max:10 dir:C:\Users\jack_\AppData\Local\npm-cache\_logs\2024-06-03T10_28_58_370Z-
npm verb logfile C:\Users\jack_\AppData\Local\npm-cache\_logs\2024-06-03T10_28_58_370Z-debug-0.log
npm http fetch GET 200 https://registry.npmjs.org/browserstack-cypress-cli 9ms (cache hit)
npm http fetch GET 200 https://registry.npmjs.org/cypress 4ms (cache hit)
npm http fetch GET 200 https://registry.npmjs.org/fs-extra 51ms (cache hit)
npm http fetch GET 200 https://registry.npmjs.org/browserstack-local 53ms (cache hit)
npm http fetch GET 200 https://registry.npmjs.org/archiver 54ms (cache hit)
npm http fetch GET 200 https://registry.npmjs.org/chalk 54ms (cache hit)
npm http fetch GET 200 https://registry.npmjs.org/cli-progress 55ms (cache hit)
npm http fetch GET 200 https://registry.npmjs.org/async 55ms (cache hit)
npm http fetch GET 200 https://registry.npmjs.org/node-ipc 54ms (cache hit)
npm http fetch GET 200 https://registry.npmjs.org/git-last-commit 56ms (cache hit)
npm http fetch GET 200 https://registry.npmjs.org/requestretry 55ms (cache hit)
npm http fetch GET 200 https://registry.npmjs.org/git-repo-info 56ms (cache hit)
npm http fetch GET 200 https://registry.npmjs.org/glob 56ms (cache hit)
npm http fetch GET 200 https://registry.npmjs.org/table 56ms (cache hit)
npm http fetch GET 200 https://registry.npmjs.org/uuid 57ms (cache hit)
npm http fetch GET 200 https://registry.npmjs.org/request 59ms (cache hit)
npm http fetch GET 200 https://registry.npmjs.org/mkdirp 60ms (cache hit)
npm http fetch GET 200 https://registry.npmjs.org/windows-release 59ms (cache hit)
npm http fetch GET 200 https://registry.npmjs.org/@cypress%2fxvfb 58ms (cache hit)
npm http fetch GET 200 https://registry.npmjs.org/update-notifier 60ms (cache hit)
npm http fetch GET 200 https://registry.npmjs.org/@types%2fsinonjs__fake-timers 59ms (cache hit)
npm http fetch GET 200 https://registry.npmjs.org/decompress 61ms (cache hit)
npm http fetch GET 200 https://registry.npmjs.org/getmac 64ms (cache hit)
npm http fetch GET 200 https://registry.npmjs.org/@cypress%2frequest 62ms (cache hit)
npm http fetch GET 200 https://registry.npmjs.org/blob-util 62ms (cache hit)
npm http fetch GET 200 https://registry.npmjs.org/arch 62ms (cache hit)
npm http fetch GET 200 https://registry.npmjs.org/winston 64ms (cache hit)
npm http fetch GET 200 https://registry.npmjs.org/@types%2fsizzle 63ms (cache hit)
npm http fetch GET 200 https://registry.npmjs.org/check-more-types 62ms (cache hit)
npm http fetch GET 200 https://registry.npmjs.org/cachedir 63ms (cache hit)
npm http fetch GET 200 https://registry.npmjs.org/cli-table3 63ms (cache hit)
npm http fetch GET 200 https://registry.npmjs.org/bluebird 65ms (cache hit)
npm http fetch GET 200 https://registry.npmjs.org/mocha 69ms (cache hit)
npm http fetch GET 200 https://registry.npmjs.org/chalk 67ms (cache hit)
npm http fetch GET 200 https://registry.npmjs.org/commander 68ms (cache hit)
npm http fetch GET 200 https://registry.npmjs.org/buffer 70ms (cache hit)
npm http fetch GET 200 https://registry.npmjs.org/gitconfiglocal 74ms (cache hit)
npm http fetch GET 200 https://registry.npmjs.org/debug 70ms (cache hit)
npm http fetch GET 200 https://registry.npmjs.org/cli-cursor 71ms (cache hit)
npm http fetch GET 200 https://registry.npmjs.org/yargs 75ms (cache hit)
npm http fetch GET 200 https://registry.npmjs.org/eventemitter2 73ms (cache hit)
npm http fetch GET 200 https://registry.npmjs.org/executable 73ms (cache hit)
npm http fetch GET 200 https://registry.npmjs.org/common-tags 74ms (cache hit)
npm http fetch GET 200 https://registry.npmjs.org/extract-zip 74ms (cache hit)
npm http fetch GET 200 https://registry.npmjs.org/getos 73ms (cache hit)
npm http fetch GET 200 https://registry.npmjs.org/dayjs 75ms (cache hit)
npm http fetch GET 200 https://registry.npmjs.org/execa 76ms (cache hit)
npm http fetch GET 200 https://registry.npmjs.org/enquirer 76ms (cache hit)
npm http fetch GET 200 https://registry.npmjs.org/is-ci 76ms (cache hit)
npm http fetch GET 200 https://registry.npmjs.org/figures 76ms (cache hit)
npm http fetch GET 200 https://registry.npmjs.org/fs-extra 76ms (cache hit)
npm http fetch GET 200 https://registry.npmjs.org/is-installed-globally 77ms (cache hit)
npm http fetch GET 200 https://registry.npmjs.org/log-symbols 77ms (cache hit)
npm http fetch GET 200 https://registry.npmjs.org/lazy-ass 78ms (cache hit)
npm http fetch GET 200 https://registry.npmjs.org/process 77ms (cache hit)
npm http fetch GET 200 https://registry.npmjs.org/minimist 78ms (cache hit)
npm http fetch GET 200 https://registry.npmjs.org/lodash 78ms (cache hit)
npm http fetch GET 200 https://registry.npmjs.org/request-progress 78ms (cache hit)
npm http fetch GET 200 https://registry.npmjs.org/proxy-from-env 78ms (cache hit)
npm http fetch GET 200 https://registry.npmjs.org/pretty-bytes 79ms (cache hit)
npm http fetch GET 200 https://registry.npmjs.org/semver 79ms (cache hit)
npm http fetch GET 200 https://registry.npmjs.org/untildify 79ms (cache hit)
npm http fetch GET 200 https://registry.npmjs.org/listr2 83ms (cache hit)
npm http fetch GET 200 https://registry.npmjs.org/tmp 83ms (cache hit)
npm http fetch GET 200 https://registry.npmjs.org/ospath 85ms (cache hit)
npm http fetch GET 200 https://registry.npmjs.org/yauzl 83ms (cache hit)
npm http fetch GET 200 https://registry.npmjs.org/supports-color 85ms (cache hit)
npm http fetch GET 200 https://registry.npmjs.org/buffer-crc32 92ms (cache hit)
npm http fetch GET 200 https://registry.npmjs.org/is-running 91ms (cache hit)
npm http fetch GET 200 https://registry.npmjs.org/archiver-utils 93ms (cache hit)
npm http fetch GET 200 https://registry.npmjs.org/readdir-glob 92ms (cache hit)
npm http fetch GET 200 https://registry.npmjs.org/ps-tree 92ms (cache hit)
npm http fetch GET 200 https://registry.npmjs.org/zip-stream 93ms (cache hit)
npm http fetch GET 200 https://registry.npmjs.org/tar-stream 93ms (cache hit)
npm http fetch GET 200 https://registry.npmjs.org/readable-stream 94ms (cache hit)
npm http fetch GET 200 https://registry.npmjs.org/https-proxy-agent 94ms (cache hit)
npm http fetch GET 200 https://registry.npmjs.org/temp-fs 93ms (cache hit)
npm http fetch GET 200 https://registry.npmjs.org/agent-base 93ms (cache hit)
npm http fetch GET 200 https://registry.npmjs.org/string-width 93ms (cache hit)
npm http fetch GET 200 https://registry.npmjs.org/decompress-tar 93ms (cache hit)
npm http fetch GET 200 https://registry.npmjs.org/decompress-tarbz2 92ms (cache hit)
npm http fetch GET 200 https://registry.npmjs.org/pify 93ms (cache hit)
npm http fetch GET 200 https://registry.npmjs.org/strip-dirs 92ms (cache hit)
npm http fetch GET 200 https://registry.npmjs.org/ansi-styles 95ms (cache hit)
npm http fetch GET 200 https://registry.npmjs.org/graceful-fs 94ms (cache hit)
npm http fetch GET 200 https://registry.npmjs.org/decompress-unzip 94ms (cache hit)
npm http fetch GET 200 https://registry.npmjs.org/universalify 92ms (cache hit)
npm http fetch GET 200 https://registry.npmjs.org/inflight 91ms (cache hit)
npm http fetch GET 200 https://registry.npmjs.org/ini 92ms (cache hit)
npm http fetch GET 200 https://registry.npmjs.org/graceful-fs 94ms (cache hit)
npm http fetch GET 200 https://registry.npmjs.org/jsonfile 94ms (cache hit)
npm http fetch GET 200 https://registry.npmjs.org/make-dir 96ms (cache hit)
npm http fetch GET 200 https://registry.npmjs.org/fs.realpath 92ms (cache hit)
npm http fetch GET 200 https://registry.npmjs.org/once 92ms (cache hit)
npm http fetch GET 200 https://registry.npmjs.org/diff 89ms (cache hit)
npm http fetch GET 200 https://registry.npmjs.org/path-is-absolute 92ms (cache hit)
npm http fetch GET 200 https://registry.npmjs.org/minimatch 93ms (cache hit)
npm http fetch GET 200 https://registry.npmjs.org/find-up 90ms (cache hit)
npm http fetch GET 200 https://registry.npmjs.org/chokidar 91ms (cache hit)
npm http fetch GET 200 https://registry.npmjs.org/escape-string-regexp 91ms (cache hit)
npm http fetch GET 200 https://registry.npmjs.org/decompress-targz 99ms (cache hit)
npm http fetch GET 200 https://registry.npmjs.org/he 91ms (cache hit)
npm http fetch GET 200 https://registry.npmjs.org/js-yaml 91ms (cache hit)
npm http fetch GET 200 https://registry.npmjs.org/ansi-colors 93ms (cache hit)
npm http fetch GET 200 https://registry.npmjs.org/inherits 97ms (cache hit)
npm http fetch GET 200 https://registry.npmjs.org/browser-stdout 93ms (cache hit)
npm http fetch GET 200 https://registry.npmjs.org/serialize-javascript 92ms (cache hit)
npm http fetch GET 200 https://registry.npmjs.org/ms 92ms (cache hit)
npm http fetch GET 200 https://registry.npmjs.org/minimatch 93ms (cache hit)
npm http fetch GET 200 https://registry.npmjs.org/event-pubsub 92ms (cache hit)
npm http fetch GET 200 https://registry.npmjs.org/yargs-unparser 92ms (cache hit)
npm http fetch GET 200 https://registry.npmjs.org/workerpool 94ms (cache hit)
npm http fetch GET 200 https://registry.npmjs.org/strip-json-comments 94ms (cache hit)
npm http fetch GET 200 https://registry.npmjs.org/aws-sign2 92ms (cache hit)
npm http fetch GET 200 https://registry.npmjs.org/aws4 92ms (cache hit)
npm http fetch GET 200 https://registry.npmjs.org/caseless 93ms (cache hit)
npm http fetch GET 200 https://registry.npmjs.org/extend 92ms (cache hit)
npm http fetch GET 200 https://registry.npmjs.org/forever-agent 92ms (cache hit)
npm http fetch GET 200 https://registry.npmjs.org/yargs-parser 94ms (cache hit)
npm http fetch GET 200 https://registry.npmjs.org/combined-stream 93ms (cache hit)
npm http fetch GET 200 https://registry.npmjs.org/js-queue 94ms (cache hit)
npm http fetch GET 200 https://registry.npmjs.org/isstream 92ms (cache hit)
npm http fetch GET 200 https://registry.npmjs.org/js-message 96ms (cache hit)
npm http fetch GET 200 https://registry.npmjs.org/json-stringify-safe 93ms (cache hit)
npm http fetch GET 200 https://registry.npmjs.org/performance-now 93ms (cache hit)
npm http fetch GET 200 https://registry.npmjs.org/form-data 94ms (cache hit)
npm http fetch GET 200 https://registry.npmjs.org/is-typedarray 93ms (cache hit)
npm http fetch GET 200 https://registry.npmjs.org/safe-buffer 93ms (cache hit)
npm http fetch GET 200 https://registry.npmjs.org/mime-types 94ms (cache hit)
npm http fetch GET 200 https://registry.npmjs.org/oauth-sign 94ms (cache hit)
npm http fetch GET 200 https://registry.npmjs.org/tunnel-agent 93ms (cache hit)
npm http fetch GET 200 https://registry.npmjs.org/http-signature 96ms (cache hit)
npm http fetch GET 200 https://registry.npmjs.org/qs 95ms (cache hit)
npm http fetch GET 200 https://registry.npmjs.org/har-validator 97ms (cache hit)
npm http fetch GET 200 https://registry.npmjs.org/slice-ansi 93ms (cache hit)
npm http fetch GET 200 https://registry.npmjs.org/extend 96ms (cache hit)
npm http fetch GET 200 https://registry.npmjs.org/is-npm 94ms (cache hit)
npm http fetch GET 200 https://registry.npmjs.org/string-width 95ms (cache hit)
npm http fetch GET 200 https://registry.npmjs.org/tough-cookie 97ms (cache hit)
npm http fetch GET 200 https://registry.npmjs.org/import-lazy 95ms (cache hit)
npm http fetch GET 200 https://registry.npmjs.org/configstore 96ms (cache hit)
npm http fetch GET 200 https://registry.npmjs.org/has-yarn 95ms (cache hit)
npm http fetch GET 200 https://registry.npmjs.org/pupa 95ms (cache hit)
npm http fetch GET 200 https://registry.npmjs.org/boxen 97ms (cache hit)
npm http fetch GET 200 https://registry.npmjs.org/is-yarn-global 96ms (cache hit)
npm http fetch GET 200 https://registry.npmjs.org/latest-version 96ms (cache hit)
npm http fetch GET 200 https://registry.npmjs.org/semver-diff 95ms (cache hit)
npm http fetch GET 200 https://registry.npmjs.org/colors 95ms (cache hit)
npm http fetch GET 200 https://registry.npmjs.org/xdg-basedir 96ms (cache hit)
npm http fetch GET 200 https://registry.npmjs.org/cycle 95ms (cache hit)
npm http fetch GET 200 https://registry.npmjs.org/eyes 95ms (cache hit)
npm http fetch GET 200 https://registry.npmjs.org/get-caller-file 93ms (cache hit)
npm http fetch GET 200 https://registry.npmjs.org/stack-trace 95ms (cache hit)
npm http fetch GET 200 https://registry.npmjs.org/decamelize 95ms (cache hit)
npm http fetch GET 200 https://registry.npmjs.org/find-up 94ms (cache hit)
npm http fetch GET 200 https://registry.npmjs.org/ajv 101ms (cache hit)
npm http fetch GET 200 https://registry.npmjs.org/@types%2fnode 118ms (cache hit)
npm http fetch GET 200 https://registry.npmjs.org/isstream 107ms (cache hit)
npm http fetch GET 200 https://registry.npmjs.org/cliui 107ms (cache hit)
npm http fetch GET 200 https://registry.npmjs.org/require-directory 107ms (cache hit)
npm http fetch GET 200 https://registry.npmjs.org/which-module 107ms (cache hit)
npm http fetch GET 200 https://registry.npmjs.org/y18n 107ms (cache hit)
npm http fetch GET 200 https://registry.npmjs.org/require-main-filename 107ms (cache hit)
npm http fetch GET 200 https://registry.npmjs.org/set-blocking 108ms (cache hit)
npm http fetch GET 200 https://registry.npmjs.org/yargs-parser 107ms (cache hit)
npm http fetch GET 200 https://registry.npmjs.org/lodash.defaults 15ms (cache hit)
npm http fetch GET 200 https://registry.npmjs.org/lodash.flatten 15ms (cache hit)
npm http fetch GET 200 https://registry.npmjs.org/lodash.difference 15ms (cache hit)
npm http fetch GET 200 https://registry.npmjs.org/lodash.union 15ms (cache hit)
npm http fetch GET 200 https://registry.npmjs.org/lazystream 16ms (cache hit)
npm http fetch GET 200 https://registry.npmjs.org/lodash.isplainobject 16ms (cache hit)
npm http fetch GET 200 https://registry.npmjs.org/normalize-path 15ms (cache hit)
npm http fetch GET 200 https://registry.npmjs.org/util-deprecate 14ms (cache hit)
npm http fetch GET 200 https://registry.npmjs.org/fs-constants 13ms (cache hit)
npm http fetch GET 200 https://registry.npmjs.org/string_decoder 15ms (cache hit)
npm http fetch GET 200 https://registry.npmjs.org/end-of-stream 13ms (cache hit)
npm http fetch GET 200 https://registry.npmjs.org/bl 13ms (cache hit)
npm http fetch GET 200 https://registry.npmjs.org/compress-commons 13ms (cache hit)
npm http fetch GET 200 https://registry.npmjs.org/isarray 4ms (cache hit)
npm http fetch GET 200 https://registry.npmjs.org/process-nextick-args 5ms (cache hit)
npm http fetch GET 200 https://registry.npmjs.org/core-util-is 5ms (cache hit)
npm http fetch GET 200 https://registry.npmjs.org/rimraf 4ms (cache hit)
npm http fetch GET 200 https://registry.npmjs.org/event-stream 6ms (cache hit)
npm http fetch GET 200 https://registry.npmjs.org/has-flag 3ms (cache hit)
npm http fetch GET 200 https://registry.npmjs.org/color-convert 3ms (cache hit)
npm http fetch GET 200 https://registry.npmjs.org/color-name 2ms (cache hit)
npm http fetch GET 200 https://registry.npmjs.org/is-fullwidth-code-point 3ms (cache hit)
npm http fetch GET 200 https://registry.npmjs.org/strip-ansi 4ms (cache hit)
npm http fetch GET 200 https://registry.npmjs.org/emoji-regex 4ms (cache hit)
npm http fetch GET 200 https://registry.npmjs.org/restore-cursor 29ms (cache hit)
npm http fetch GET 200 https://registry.npmjs.org/lodash.once 32ms (cache hit)
npm http fetch GET 200 https://registry.npmjs.org/base64-js 31ms (cache hit)
npm http fetch GET 200 https://registry.npmjs.org/@colors%2fcolors 29ms (cache hit)
npm http fetch GET 200 https://registry.npmjs.org/ieee754 30ms (cache hit)
npm http fetch GET 200 https://registry.npmjs.org/human-signals 29ms (cache hit)
npm http fetch GET 200 https://registry.npmjs.org/merge-stream 28ms (cache hit)
npm http fetch GET 200 https://registry.npmjs.org/is-stream 28ms (cache hit)
npm http fetch GET 200 https://registry.npmjs.org/get-stream 29ms (cache hit)
npm http fetch GET 200 https://registry.npmjs.org/onetime 29ms (cache hit)
npm http fetch GET 200 https://registry.npmjs.org/cross-spawn 30ms (cache hit)
npm http fetch GET 200 https://registry.npmjs.org/npm-run-path 29ms (cache hit)
npm http fetch GET 200 https://registry.npmjs.org/global-dirs 27ms (cache hit)
npm http fetch GET 200 https://registry.npmjs.org/strip-final-newline 30ms (cache hit)
npm http fetch GET 200 https://registry.npmjs.org/is-path-inside 27ms (cache hit)
npm http fetch GET 200 https://registry.npmjs.org/get-stream 30ms (cache hit)
npm http fetch GET 200 https://registry.npmjs.org/signal-exit 31ms (cache hit)
npm http fetch GET 200 https://registry.npmjs.org/@types%2fyauzl 30ms (cache hit)
npm http fetch GET 200 https://registry.npmjs.org/cli-truncate 28ms (cache hit)
npm http fetch GET 200 https://registry.npmjs.org/colorette 28ms (cache hit)
npm http fetch GET 200 https://registry.npmjs.org/rfdc 28ms (cache hit)
npm http fetch GET 200 https://registry.npmjs.org/p-map 28ms (cache hit)
npm http fetch GET 200 https://registry.npmjs.org/at-least-node 30ms (cache hit)
npm http fetch GET 200 https://registry.npmjs.org/through 28ms (cache hit)
npm http fetch GET 200 https://registry.npmjs.org/log-update 28ms (cache hit)
npm http fetch GET 200 https://registry.npmjs.org/rxjs 29ms (cache hit)
npm http fetch GET 200 https://registry.npmjs.org/ci-info 33ms (cache hit)
npm http fetch GET 200 https://registry.npmjs.org/fd-slicer 28ms (cache hit)
npm http fetch GET 200 https://registry.npmjs.org/is-unicode-supported 31ms (cache hit)
npm http fetch GET 200 https://registry.npmjs.org/wrap-ansi 32ms (cache hit)
npm http fetch GET 200 https://registry.npmjs.org/throttleit 31ms (cache hit)
npm http fetch GET 200 https://registry.npmjs.org/assert-plus 11ms (cache hit)
npm http fetch GET 200 https://registry.npmjs.org/sshpk 11ms (cache hit)
npm http fetch GET 200 https://registry.npmjs.org/asynckit 13ms (cache hit)
npm http fetch GET 200 https://registry.npmjs.org/delayed-stream 13ms (cache hit)
npm http fetch GET 200 https://registry.npmjs.org/jsprim 12ms (cache hit)
npm http fetch GET 200 https://registry.npmjs.org/mime-db 11ms (cache hit)
npm http fetch GET 200 https://registry.npmjs.org/psl 10ms (cache hit)
npm http fetch GET 200 https://registry.npmjs.org/punycode 10ms (cache hit)
npm http fetch GET 200 https://registry.npmjs.org/side-channel 11ms (cache hit)
npm http fetch GET 200 https://registry.npmjs.org/url-parse 10ms (cache hit)
npm http fetch GET 200 https://registry.npmjs.org/seek-bzip 7ms (cache hit)
npm http fetch GET 200 https://registry.npmjs.org/unbzip2-stream 7ms (cache hit)
npm http fetch GET 200 https://registry.npmjs.org/file-type 8ms (cache hit)
npm http fetch GET 200 https://registry.npmjs.org/is-natural-number 7ms (cache hit)
npm http fetch GET 200 https://registry.npmjs.org/file-type 10ms (cache hit)
npm http fetch GET 200 https://registry.npmjs.org/file-type 11ms (cache hit)
npm http fetch GET 200 https://registry.npmjs.org/xtend 5ms (cache hit)
npm http fetch GET 200 https://registry.npmjs.org/to-buffer 5ms (cache hit)
npm http fetch GET 200 https://registry.npmjs.org/buffer-alloc 5ms (cache hit)
npm http fetch GET 200 https://registry.npmjs.org/object-assign 3ms (cache hit)
npm http fetch GET 200 https://registry.npmjs.org/pinkie-promise 4ms (cache hit)
npm http fetch GET 200 https://registry.npmjs.org/ansi-regex 2ms (cache hit)
npm http fetch GET 200 https://registry.npmjs.org/path-key 31ms (cache hit)
npm http fetch GET 200 https://registry.npmjs.org/shebang-command 33ms (cache hit)
npm http fetch GET 200 https://registry.npmjs.org/pump 32ms (cache hit)
npm http fetch GET 200 https://registry.npmjs.org/path-key 34ms (cache hit)
npm http fetch GET 200 https://registry.npmjs.org/which 34ms (cache hit)
npm http fetch GET 200 https://registry.npmjs.org/mimic-fn 33ms (cache hit)
npm http fetch GET 200 https://registry.npmjs.org/isexe 3ms (cache hit)
npm http fetch GET 200 https://registry.npmjs.org/shebang-regex 4ms (cache hit)
npm http fetch GET 200 https://registry.npmjs.org/undici-types 2ms (cache hit)
npm http fetch GET 200 https://registry.npmjs.org/pinkie 3ms (cache hit)
npm http fetch GET 200 https://registry.npmjs.org/wrappy 5ms (cache hit)
npm http fetch GET 200 https://registry.npmjs.org/brace-expansion 4ms (cache hit)
npm http fetch GET 200 https://registry.npmjs.org/extsprintf 8ms (cache hit)
npm http fetch GET 200 https://registry.npmjs.org/verror 9ms (cache hit)
npm http fetch GET 200 https://registry.npmjs.org/asn1 9ms (cache hit)
npm http fetch GET 200 https://registry.npmjs.org/json-schema 9ms (cache hit)
npm http fetch GET 200 https://registry.npmjs.org/dashdash 9ms (cache hit)
npm http fetch GET 200 https://registry.npmjs.org/safer-buffer 9ms (cache hit)
npm http fetch GET 200 https://registry.npmjs.org/getpass 9ms (cache hit)
npm http fetch GET 200 https://registry.npmjs.org/jsbn 9ms (cache hit)
npm http fetch GET 200 https://registry.npmjs.org/ecc-jsbn 9ms (cache hit)
npm http fetch GET 200 https://registry.npmjs.org/bcrypt-pbkdf 9ms (cache hit)
npm http fetch GET 200 https://registry.npmjs.org/tweetnacl 9ms (cache hit)
npm http fetch GET 200 https://registry.npmjs.org/tslib 4ms (cache hit)
npm http fetch GET 200 https://registry.npmjs.org/aggregate-error 5ms (cache hit)
npm http fetch GET 200 https://registry.npmjs.org/ansi-escapes 5ms (cache hit)
npm http fetch GET 200 https://registry.npmjs.org/astral-regex 2ms (cache hit)
npm http fetch GET 200 https://registry.npmjs.org/type-fest 3ms (cache hit)
npm http fetch GET 200 https://registry.npmjs.org/balanced-match 4ms (cache hit)
npm http fetch GET 200 https://registry.npmjs.org/concat-map 4ms (cache hit)
npm http fetch GET 200 https://registry.npmjs.org/readdirp 14ms (cache hit)
npm http fetch GET 200 https://registry.npmjs.org/braces 15ms (cache hit)
npm http fetch GET 200 https://registry.npmjs.org/anymatch 16ms (cache hit)
npm http fetch GET 200 https://registry.npmjs.org/is-binary-path 16ms (cache hit)
npm http fetch GET 200 https://registry.npmjs.org/path-exists 15ms (cache hit)
npm http fetch GET 200 https://registry.npmjs.org/glob-parent 17ms (cache hit)
npm http fetch GET 200 https://registry.npmjs.org/argparse 15ms (cache hit)
npm http fetch GET 200 https://registry.npmjs.org/escalade 13ms (cache hit)
npm http fetch GET 200 https://registry.npmjs.org/locate-path 16ms (cache hit)
npm http fetch GET 200 https://registry.npmjs.org/is-glob 17ms (cache hit)
npm http fetch GET 200 https://registry.npmjs.org/fsevents 17ms (cache hit)
npm http fetch GET 200 https://registry.npmjs.org/camelcase 13ms (cache hit)
npm http fetch GET 200 https://registry.npmjs.org/flat 14ms (cache hit)
npm http fetch GET 200 https://registry.npmjs.org/randombytes 16ms (cache hit)
npm http fetch GET 200 https://registry.npmjs.org/is-plain-obj 14ms (cache hit)
npm http fetch GET 200 https://registry.npmjs.org/binary-extensions 5ms (cache hit)
npm http fetch GET 200 https://registry.npmjs.org/picomatch 7ms (cache hit)
npm http fetch GET 200 https://registry.npmjs.org/is-extglob 6ms (cache hit)
npm http fetch GET 200 https://registry.npmjs.org/fill-range 8ms (cache hit)
npm http fetch GET 200 https://registry.npmjs.org/picomatch 6ms (cache hit)
npm http fetch GET 200 https://registry.npmjs.org/to-regex-range 2ms (cache hit)
npm http fetch GET 200 https://registry.npmjs.org/is-number 2ms (cache hit)
npm http fetch GET 200 https://registry.npmjs.org/p-locate 2ms (cache hit)
npm http fetch GET 200 https://registry.npmjs.org/p-limit 2ms (cache hit)
npm http fetch GET 200 https://registry.npmjs.org/easy-stack 2ms (cache hit)
npm http fetch GET 200 https://registry.npmjs.org/yocto-queue 2ms (cache hit)
npm http fetch GET 200 https://registry.npmjs.org/clean-stack 2ms (cache hit)
npm http fetch GET 200 https://registry.npmjs.org/indent-string 3ms (cache hit)
npm http fetch GET 200 https://registry.npmjs.org/split 5ms (cache hit)
npm http fetch GET 200 https://registry.npmjs.org/map-stream 5ms (cache hit)
npm http fetch GET 200 https://registry.npmjs.org/duplexer 6ms (cache hit)
npm http fetch GET 200 https://registry.npmjs.org/from 6ms (cache hit)
npm http fetch GET 200 https://registry.npmjs.org/stream-combiner 6ms (cache hit)
npm http fetch GET 200 https://registry.npmjs.org/pause-stream 6ms (cache hit)
npm http fetch GET 200 https://registry.npmjs.org/get-intrinsic 4ms (cache hit)
npm http fetch GET 200 https://registry.npmjs.org/object-inspect 4ms (cache hit)
npm http fetch GET 200 https://registry.npmjs.org/call-bind 5ms (cache hit)
npm http fetch GET 200 https://registry.npmjs.org/es-errors 5ms (cache hit)
npm http fetch GET 200 https://registry.npmjs.org/har-schema 5ms (cache hit)
npm http fetch GET 200 https://registry.npmjs.org/uri-js 4ms (cache hit)
npm http fetch GET 200 https://registry.npmjs.org/fast-json-stable-stringify 4ms (cache hit)
npm http fetch GET 200 https://registry.npmjs.org/fast-deep-equal 4ms (cache hit)
npm http fetch GET 200 https://registry.npmjs.org/json-schema-traverse 5ms (cache hit)
npm http fetch GET 200 https://registry.npmjs.org/has-symbols 4ms (cache hit)
npm http fetch GET 200 https://registry.npmjs.org/es-define-property 6ms (cache hit)
npm http fetch GET 200 https://registry.npmjs.org/set-function-length 6ms (cache hit)
npm http fetch GET 200 https://registry.npmjs.org/function-bind 7ms (cache hit)
npm http fetch GET 200 https://registry.npmjs.org/has-proto 6ms (cache hit)
npm http fetch GET 200 https://registry.npmjs.org/hasown 6ms (cache hit)
npm http fetch GET 200 https://registry.npmjs.org/has-property-descriptors 2ms (cache hit)
npm http fetch GET 200 https://registry.npmjs.org/gopd 3ms (cache hit)
npm http fetch GET 200 https://registry.npmjs.org/define-data-property 3ms (cache hit)
npm http fetch GET 200 https://registry.npmjs.org/requires-port 3ms (cache hit)
npm http fetch GET 200 https://registry.npmjs.org/querystringify 3ms (cache hit)
npm http fetch GET 200 https://registry.npmjs.org/dot-prop 9ms (cache hit)
npm http fetch GET 200 https://registry.npmjs.org/ansi-align 10ms (cache hit)
npm http fetch GET 200 https://registry.npmjs.org/escape-goat 7ms (cache hit)
npm http fetch GET 200 https://registry.npmjs.org/widest-line 10ms (cache hit)
npm http fetch GET 200 https://registry.npmjs.org/cli-boxes 11ms (cache hit)
npm http fetch GET 200 https://registry.npmjs.org/write-file-atomic 10ms (cache hit)
npm http fetch GET 200 https://registry.npmjs.org/unique-string 10ms (cache hit)
npm http fetch GET 200 https://registry.npmjs.org/package-json 10ms (cache hit)
npm http fetch GET 200 https://registry.npmjs.org/is-obj 6ms (cache hit)
npm http fetch GET 200 https://registry.npmjs.org/imurmurhash 5ms (cache hit)
npm http fetch GET 200 https://registry.npmjs.org/typedarray-to-buffer 4ms (cache hit)
npm http fetch GET 200 https://registry.npmjs.org/crypto-random-string 6ms (cache hit)
npm http fetch GET 200 https://registry.npmjs.org/registry-url 3ms (cache hit)
npm http fetch GET 200 https://registry.npmjs.org/registry-auth-token 4ms (cache hit)
npm http fetch GET 200 https://registry.npmjs.org/got 4ms (cache hit)
npm http fetch GET 200 https://registry.npmjs.org/lowercase-keys 8ms (cache hit)
npm http fetch GET 200 https://registry.npmjs.org/cacheable-request 9ms (cache hit)
npm http fetch GET 200 https://registry.npmjs.org/decompress-response 10ms (cache hit)
npm http fetch GET 200 https://registry.npmjs.org/@szmarczak%2fhttp-timer 11ms (cache hit)
npm http fetch GET 200 https://registry.npmjs.org/@sindresorhus%2fis 11ms (cache hit)
npm http fetch GET 200 https://registry.npmjs.org/mimic-response 11ms (cache hit)
npm http fetch GET 200 https://registry.npmjs.org/duplexer3 11ms (cache hit)
npm http fetch GET 200 https://registry.npmjs.org/to-readable-stream 11ms (cache hit)
npm http fetch GET 200 https://registry.npmjs.org/p-cancelable 12ms (cache hit)
npm http fetch GET 200 https://registry.npmjs.org/url-parse-lax 12ms (cache hit)
npm http fetch GET 200 https://registry.npmjs.org/rc 11ms (cache hit)
npm http fetch GET 200 https://registry.npmjs.org/rc 11ms (cache hit)
npm http fetch GET 200 https://registry.npmjs.org/responselike 7ms (cache hit)
npm http fetch GET 200 https://registry.npmjs.org/clone-response 8ms (cache hit)
npm http fetch GET 200 https://registry.npmjs.org/defer-to-connect 9ms (cache hit)
npm http fetch GET 200 https://registry.npmjs.org/http-cache-semantics 9ms (cache hit)
npm http fetch GET 200 https://registry.npmjs.org/prepend-http 7ms (cache hit)
npm http fetch GET 200 https://registry.npmjs.org/keyv 9ms (cache hit)
npm http fetch GET 200 https://registry.npmjs.org/normalize-url 10ms (cache hit)
npm http fetch GET 200 https://registry.npmjs.org/json-buffer 3ms (cache hit)
npm http fetch GET 200 https://registry.npmjs.org/deep-extend 2ms (cache hit)
npm http fetch GET 200 https://registry.npmjs.org/pend 3ms (cache hit)
npm http fetch GET 200 https://registry.npmjs.org/crc32-stream 2ms (cache hit)
npm http fetch GET 200 https://registry.npmjs.org/crc-32 2ms (cache hit)
npm http fetch GET 200 https://registry.npmjs.org/buffer-alloc-unsafe 5ms (cache hit)
npm http fetch GET 200 https://registry.npmjs.org/buffer-fill 4ms (cache hit)
npm http fetch GET 200 https://registry.npmjs.org/p-try 3ms (cache hit)
npm verb reify failed optional dependency C:\Users\jack_\GIT\cypress test\tmpBstackPackages\node_modules\fsevents
npm http fetch POST 200 https://registry.npmjs.org/-/npm/v1/security/advisories/bulk 524ms
npm WARN deprecated inflight@1.0.6: This module is not supported, and leaks memory. Do not use it. Check out lru-cache if you want a good and tested way to coalesce async requests by a key value, which is much more comprehensive and powerful.
npm WARN deprecated rimraf@2.5.4: Rimraf versions prior to v4 are no longer supported
npm WARN deprecated har-validator@5.1.5: this library is no longer supported
npm WARN deprecated glob@7.2.3: Glob versions prior to v9 are no longer supported
npm WARN deprecated glob@8.1.0: Glob versions prior to v9 are no longer supported
npm WARN deprecated uuid@3.4.0: Please upgrade  to version 7 or higher.  Older versions may use Math.random() in certain circumstances, which is known to be problematic.  See https://v8.dev/blog/math-random for details.
npm WARN deprecated request@2.88.2: request has been deprecated, see https://github.com/request/request/issues/3142
npm info run cypress@13.10.0 postinstall node_modules/cypress node index.js --exec install
npm info run cypress@13.10.0 postinstall { code: 0, signal: null }

added 448 packages, and audited 449 packages in 5s

66 packages are looking for funding
  run `npm fund` for details

7 moderate severity vulnerabilities

To address all issues (including breaking changes), run:
  npm audit fix --force

Run `npm audit` for details.
npm verb exit 0
npm info ok 
